2013/04/04 11:56:44 [error] [exception.CHttpException.404] exception 'CHttpException' with message 'Unable to resolve the request "right/install".' in /var/www/yii/framework/web/CWebApplication.php:286
Stack trace:
#0 /var/www/yii/framework/web/CWebApplication.php(141): CWebApplication->runController('right/install')
#1 /var/www/yii/framework/base/CApplication.php(169): CWebApplication->processRequest()
#2 /var/www/bbmaps/index.php(13): CApplication->run()
#3 {main}
REQUEST_URI=/bbmaps/index.php?r=right/install
---
2013/04/04 11:56:50 [error] [system.db.CDbCommand] CDbCommand::fetchColumn() failed: SQLSTATE[42S02]: Base table or view not found: 1146 Table 'bbmaps.AuthItem' doesn't exist. The SQL statement executed was: SELECT COUNT(*) FROM AuthItem.
in /var/www/bbmaps/protected/modules/rights/components/RInstaller.php (180)
in /var/www/bbmaps/protected/modules/rights/controllers/InstallController.php (43)
in /var/www/bbmaps/index.php (13)
2013/04/04 11:57:31 [error] [exception.CDbException] exception 'CDbException' with message 'Active record "User" is trying to select an invalid column "user.lastvisit_at". Note, the column must exist in the table or be an expression with alias.' in /var/www/yii/framework/db/ar/CActiveFinder.php:917
Stack trace:
#0 /var/www/yii/framework/db/ar/CActiveFinder.php(1208): CJoinElement->getColumnSelect(Array)
#1 /var/www/yii/framework/db/ar/CActiveFinder.php(418): CJoinQuery->__construct(Object(CJoinElement), Object(CDbCriteria))
#2 /var/www/yii/framework/db/ar/CActiveFinder.php(68): CJoinElement->find(Object(CDbCriteria))
#3 /var/www/yii/framework/db/ar/CActiveRecord.php(1302): CActiveFinder->query(Object(CDbCriteria), false)
#4 /var/www/yii/framework/db/ar/CActiveRecord.php(1465): CActiveRecord->query(Object(CDbCriteria))
#5 /var/www/bbmaps/protected/modules/user/components/UserIdentity.php(27): CActiveRecord->findByAttributes(Array)
#6 /var/www/bbmaps/protected/modules/user/models/UserLogin.php(52): UserIdentity->authenticate()
#7 /var/www/yii/framework/validators/CInlineValidator.php(42): UserLogin->authenticate('password', Array)
#8 /var/www/yii/framework/validators/CValidator.php(213): CInlineValidator->validateAttribute(Object(UserLogin), 'password')
#9 /var/www/yii/framework/base/CModel.php(159): CValidator->validate(Object(UserLogin), NULL)
#10 /var/www/bbmaps/protected/modules/user/controllers/LoginController.php(19): CModel->validate()
#11 /var/www/yii/framework/web/actions/CInlineAction.php(49): LoginController->actionLogin()
#12 /var/www/yii/framework/web/CController.php(308): CInlineAction->runWithParams(Array)
#13 /var/www/yii/framework/web/CController.php(286): CController->runAction(Object(CInlineAction))
#14 /var/www/yii/framework/web/CController.php(265): CController->runActionWithFilters(Object(CInlineAction), Array)
#15 /var/www/yii/framework/web/CWebApplication.php(282): CController->run('')
#16 /var/www/yii/framework/web/CWebApplication.php(141): CWebApplication->runController('user/login')
#17 /var/www/yii/framework/base/CApplication.php(169): CWebApplication->processRequest()
#18 /var/www/bbmaps/index.php(13): CApplication->run()
#19 {main}
REQUEST_URI=/bbmaps/index.php?r=user/login
HTTP_REFERER=http://app.gunungpantara.com/bbmaps/index.php?r=user/login
---
2013/04/04 11:58:01 [error] [system.db.CDbCommand] CDbCommand::fetchAll() failed: SQLSTATE[42S02]: Base table or view not found: 1146 Table 'bbmaps.AuthAssignment' doesn't exist. The SQL statement executed was: SELECT *
FROM `AuthAssignment`
WHERE userid=:userid.
in /var/www/bbmaps/protected/modules/rights/components/RAuthorizer.php (341)
in /var/www/bbmaps/protected/modules/rights/components/RWebUser.php (21)
in /var/www/bbmaps/protected/modules/user/models/UserLogin.php (57)
2013/04/04 11:58:01 [error] [exception.CDbException] exception 'CDbException' with message 'CDbCommand failed to execute the SQL statement: SQLSTATE[42S02]: Base table or view not found: 1146 Table 'bbmaps.AuthAssignment' doesn't exist. The SQL statement executed was: SELECT *
FROM `AuthAssignment`
WHERE userid=:userid' in /var/www/yii/framework/db/CDbCommand.php:541
Stack trace:
#0 /var/www/yii/framework/db/CDbCommand.php(395): CDbCommand->queryInternal('fetchAll', Array, Array)
#1 /var/www/yii/framework/web/auth/CDbAuthManager.php(337): CDbCommand->queryAll()
#2 /var/www/bbmaps/protected/modules/rights/components/RAuthorizer.php(341): CDbAuthManager->getAuthAssignments('1')
#3 /var/www/bbmaps/protected/modules/rights/components/RWebUser.php(21): RAuthorizer->isSuperuser('1')
#4 /var/www/yii/framework/web/auth/CWebUser.php(238): RWebUser->afterLogin(false)
#5 /var/www/bbmaps/protected/modules/user/models/UserLogin.php(57): CWebUser->login(Object(UserIdentity), 0)
#6 /var/www/yii/framework/validators/CInlineValidator.php(42): UserLogin->authenticate('password', Array)
#7 /var/www/yii/framework/validators/CValidator.php(213): CInlineValidator->validateAttribute(Object(UserLogin), 'password')
#8 /var/www/yii/framework/base/CModel.php(159): CValidator->validate(Object(UserLogin), NULL)
#9 /var/www/bbmaps/protected/modules/user/controllers/LoginController.php(19): CModel->validate()
#10 /var/www/yii/framework/web/actions/CInlineAction.php(49): LoginController->actionLogin()
#11 /var/www/yii/framework/web/CController.php(308): CInlineAction->runWithParams(Array)
#12 /var/www/yii/framework/web/CController.php(286): CController->runAction(Object(CInlineAction))
#13 /var/www/yii/framework/web/CController.php(265): CController->runActionWithFilters(Object(CInlineAction), Array)
#14 /var/www/yii/framework/web/CWebApplication.php(282): CController->run('')
#15 /var/www/yii/framework/web/CWebApplication.php(141): CWebApplication->runController('user/login')
#16 /var/www/yii/framework/base/CApplication.php(169): CWebApplication->processRequest()
#17 /var/www/bbmaps/index.php(13): CApplication->run()
#18 {main}
REQUEST_URI=/bbmaps/index.php?r=user/login
HTTP_REFERER=http://app.gunungpantara.com/bbmaps/index.php?r=user/login
---
2013/04/04 11:58:11 [error] [system.db.CDbCommand] CDbCommand::fetchColumn() failed: SQLSTATE[42S02]: Base table or view not found: 1146 Table 'bbmaps.AuthItem' doesn't exist. The SQL statement executed was: SELECT COUNT(*) FROM AuthItem.
in /var/www/bbmaps/protected/modules/rights/components/RInstaller.php (180)
in /var/www/bbmaps/protected/modules/rights/controllers/InstallController.php (43)
in /var/www/bbmaps/index.php (13)
2013/04/04 11:59:13 [error] [php] include(Customer.php): failed to open stream: No such file or directory (/var/www/yii/framework/YiiBase.php:421)
Stack trace:
#0 /var/www/bbmaps/protected/controllers/CustomerController.php(132): spl_autoload_call()
#1 /var/www/yii/framework/web/actions/CInlineAction.php(49): CustomerController->actionAdmin()
#2 /var/www/yii/framework/web/CController.php(308): CInlineAction->runWithParams()
#3 /var/www/yii/framework/web/filters/CFilterChain.php(133): CustomerController->runAction()
#4 /var/www/yii/framework/web/filters/CFilter.php(40): CFilterChain->run()
#5 /var/www/yii/framework/web/CController.php(1145): CAccessControlFilter->filter()
#6 /var/www/yii/framework/web/filters/CInlineFilter.php(58): CustomerController->filterAccessControl()
#7 /var/www/yii/framework/web/filters/CFilterChain.php(130): CInlineFilter->filter()
#8 /var/www/yii/framework/web/CController.php(291): CFilterChain->run()
#9 /var/www/yii/framework/web/CController.php(265): CustomerController->runActionWithFilters()
#10 /var/www/yii/framework/web/CWebApplication.php(282): CustomerController->run()
#11 /var/www/yii/framework/web/CWebApplication.php(141): CWebApplication->runController()
#12 /var/www/yii/framework/base/CApplication.php(169): CWebApplication->processRequest()
#13 /var/www/bbmaps/index.php(13): CWebApplication->run()
REQUEST_URI=/bbmaps/index.php?r=customer/admin
in /var/www/bbmaps/protected/controllers/CustomerController.php (132)
in /var/www/bbmaps/index.php (13)
2013/04/04 12:06:13 [error] [exception.CHttpException.403] exception 'CHttpException' with message 'You are not authorized to perform this action.' in /var/www/yii/framework/web/auth/CAccessControlFilter.php:179
Stack trace:
#0 /var/www/yii/framework/web/auth/CAccessControlFilter.php(142): CAccessControlFilter->accessDenied(Object(RWebUser), 'You are not aut...')
#1 /var/www/yii/framework/web/filters/CFilter.php(38): CAccessControlFilter->preFilter(Object(CFilterChain))
#2 /var/www/yii/framework/web/CController.php(1145): CFilter->filter(Object(CFilterChain))
#3 /var/www/yii/framework/web/filters/CInlineFilter.php(58): CController->filterAccessControl(Object(CFilterChain))
#4 /var/www/yii/framework/web/filters/CFilterChain.php(130): CInlineFilter->filter(Object(CFilterChain))
#5 /var/www/yii/framework/web/CController.php(291): CFilterChain->run()
#6 /var/www/yii/framework/web/CController.php(265): CController->runActionWithFilters(Object(CInlineAction), Array)
#7 /var/www/yii/framework/web/CWebApplication.php(282): CController->run('admin')
#8 /var/www/yii/framework/web/CWebApplication.php(141): CWebApplication->runController('kegiatan/admin')
#9 /var/www/yii/framework/base/CApplication.php(169): CWebApplication->processRequest()
#10 /var/www/bbmaps/index.php(13): CApplication->run()
#11 {main}
REQUEST_URI=/bbmaps/index.php?r=kegiatan/admin
HTTP_REFERER=http://app.gunungpantara.com/bbmaps/index.php?r=customer/admin
---
2013/04/04 12:06:17 [error] [exception.CHttpException.403] exception 'CHttpException' with message 'You are not authorized to perform this action.' in /var/www/yii/framework/web/auth/CAccessControlFilter.php:179
Stack trace:
#0 /var/www/yii/framework/web/auth/CAccessControlFilter.php(142): CAccessControlFilter->accessDenied(Object(RWebUser), 'You are not aut...')
#1 /var/www/yii/framework/web/filters/CFilter.php(38): CAccessControlFilter->preFilter(Object(CFilterChain))
#2 /var/www/yii/framework/web/CController.php(1145): CFilter->filter(Object(CFilterChain))
#3 /var/www/yii/framework/web/filters/CInlineFilter.php(58): CController->filterAccessControl(Object(CFilterChain))
#4 /var/www/yii/framework/web/filters/CFilterChain.php(130): CInlineFilter->filter(Object(CFilterChain))
#5 /var/www/yii/framework/web/CController.php(291): CFilterChain->run()
#6 /var/www/yii/framework/web/CController.php(265): CController->runActionWithFilters(Object(CInlineAction), Array)
#7 /var/www/yii/framework/web/CWebApplication.php(282): CController->run('admin')
#8 /var/www/yii/framework/web/CWebApplication.php(141): CWebApplication->runController('kegiatan/admin')
#9 /var/www/yii/framework/base/CApplication.php(169): CWebApplication->processRequest()
#10 /var/www/bbmaps/index.php(13): CApplication->run()
#11 {main}
REQUEST_URI=/bbmaps/index.php?r=kegiatan/admin
HTTP_REFERER=http://app.gunungpantara.com/bbmaps/index.php?r=maps/admin
---
2013/04/04 16:37:55 [warning] [application] Failed to set unsafe attribute "verifyCode" of "RegistrationForm".
in /var/www/bbmaps/protected/modules/user/controllers/RegistrationController.php (30)
in /var/www/bbmaps/index.php (13)
2013/04/04 16:37:59 [warning] [application] Failed to set unsafe attribute "verifyCode" of "RegistrationForm".
in /var/www/bbmaps/protected/modules/user/controllers/RegistrationController.php (30)
in /var/www/bbmaps/index.php (13)
2013/04/04 16:38:12 [warning] [application] Failed to set unsafe attribute "verifyCode" of "RegistrationForm".
in /var/www/bbmaps/protected/modules/user/controllers/RegistrationController.php (30)
in /var/www/bbmaps/index.php (13)
2013/04/04 16:38:40 [warning] [application] Failed to set unsafe attribute "verifyCode" of "RegistrationForm".
in /var/www/bbmaps/protected/modules/user/controllers/RegistrationController.php (30)
in /var/www/bbmaps/index.php (13)
2013/04/04 16:38:59 [warning] [application] Failed to set unsafe attribute "verifyCode" of "RegistrationForm".
in /var/www/bbmaps/protected/modules/user/controllers/RegistrationController.php (30)
in /var/www/bbmaps/index.php (13)
2013/04/04 16:43:47 [warning] [application] Failed to set unsafe attribute "verifyCode" of "RegistrationForm".
in /var/www/bbmaps/protected/modules/user/controllers/RegistrationController.php (30)
in /var/www/bbmaps/index.php (13)
2013/04/04 16:44:13 [warning] [application] Failed to set unsafe attribute "verifyCode" of "RegistrationForm".
in /var/www/bbmaps/protected/modules/user/controllers/RegistrationController.php (30)
in /var/www/bbmaps/index.php (13)
2013/04/04 16:44:24 [warning] [application] Failed to set unsafe attribute "verifyCode" of "RegistrationForm".
in /var/www/bbmaps/protected/modules/user/controllers/RegistrationController.php (30)
in /var/www/bbmaps/index.php (13)
2013/04/04 16:44:59 [warning] [application] Failed to set unsafe attribute "verifyCode" of "RegistrationForm".
in /var/www/bbmaps/protected/modules/user/controllers/RegistrationController.php (30)
in /var/www/bbmaps/index.php (13)
2013/04/04 16:45:14 [warning] [application] Failed to set unsafe attribute "verifyCode" of "RegistrationForm".
in /var/www/bbmaps/protected/modules/user/controllers/RegistrationController.php (30)
in /var/www/bbmaps/index.php (13)
2013/04/04 16:45:25 [warning] [application] Failed to set unsafe attribute "verifyCode" of "RegistrationForm".
in /var/www/bbmaps/protected/modules/user/controllers/RegistrationController.php (30)
in /var/www/bbmaps/index.php (13)
2013/04/04 16:46:15 [warning] [application] Failed to set unsafe attribute "verifyCode" of "RegistrationForm".
in /var/www/bbmaps/protected/modules/user/controllers/RegistrationController.php (30)
in /var/www/bbmaps/index.php (13)
2013/04/05 09:06:23 [error] [exception.CHttpException.403] exception 'CHttpException' with message 'You are not authorized to perform this action.' in /var/www/yii/framework/web/auth/CAccessControlFilter.php:179
Stack trace:
#0 /var/www/yii/framework/web/auth/CAccessControlFilter.php(142): CAccessControlFilter->accessDenied(Object(RWebUser), 'You are not aut...')
#1 /var/www/yii/framework/web/filters/CFilter.php(38): CAccessControlFilter->preFilter(Object(CFilterChain))
#2 /var/www/yii/framework/web/CController.php(1145): CFilter->filter(Object(CFilterChain))
#3 /var/www/yii/framework/web/filters/CInlineFilter.php(58): CController->filterAccessControl(Object(CFilterChain))
#4 /var/www/yii/framework/web/filters/CFilterChain.php(130): CInlineFilter->filter(Object(CFilterChain))
#5 /var/www/yii/framework/web/CController.php(291): CFilterChain->run()
#6 /var/www/yii/framework/web/CController.php(265): CController->runActionWithFilters(Object(CInlineAction), Array)
#7 /var/www/yii/framework/web/CWebApplication.php(282): CController->run('admin')
#8 /var/www/yii/framework/web/CWebApplication.php(141): CWebApplication->runController('kegiatan/admin')
#9 /var/www/yii/framework/base/CApplication.php(169): CWebApplication->processRequest()
#10 /var/www/bbmaps/index.php(13): CApplication->run()
#11 {main}
REQUEST_URI=/bbmaps/index.php?r=kegiatan/admin
HTTP_REFERER=http://app.gunungpantara.com/bbmaps/index.php
---
